Arguments: 
  /Users/ismailkattakath/.nvm/versions/node/v18.17.0/bin/node /Users/ismailkattakath/.nvm/versions/node/v18.17.0/bin/yarn add --dev hardhat-alias

PATH: 
  /Users/ismailkattakath/.nvm/versions/node/v18.17.0/bin:/Users/ismailkattakath/Library/pnpm:/opt/homebrew/opt/mongodb-community@4.4/bin:/Library/Frameworks/Python.framework/Versions/2.7/bin:/opt/homebrew/bin:/opt/homebrew/sbin:/usr/local/bin:/System/Cryptexes/App/usr/bin:/usr/bin:/bin:/usr/sbin:/sbin:/Users/ismailkattakath/.foundry/bin:/Applications/Visual Studio Code.app/Contents/Resources/app/bin

Yarn version: 
  1.22.19

Node version: 
  18.17.0

Platform: 
  darwin arm64

Trace: 
  Error: https://registry.yarnpkg.com/hardhat-alias: Not found
      at params.callback [as _callback] (/Users/ismailkattakath/.nvm/versions/node/v18.17.0/lib/node_modules/yarn/lib/cli.js:66145:18)
      at self.callback (/Users/ismailkattakath/.nvm/versions/node/v18.17.0/lib/node_modules/yarn/lib/cli.js:140890:22)
      at Request.emit (node:events:514:28)
      at Request.<anonymous> (/Users/ismailkattakath/.nvm/versions/node/v18.17.0/lib/node_modules/yarn/lib/cli.js:141862:10)
      at Request.emit (node:events:514:28)
      at IncomingMessage.<anonymous> (/Users/ismailkattakath/.nvm/versions/node/v18.17.0/lib/node_modules/yarn/lib/cli.js:141784:12)
      at Object.onceWrapper (node:events:628:28)
      at IncomingMessage.emit (node:events:526:35)
      at endReadableNT (node:internal/streams/readable:1359:12)
      at process.processTicksAndRejections (node:internal/process/task_queues:82:21)

npm manifest: 
  {
    "name": "hardhat-project",
    "devDependencies": {
      "@nomicfoundation/hardhat-toolbox": "^3.0.0",
      "hardhat": "^2.18.3"
    }
  }

yarn manifest: 
  No manifest

Lockfile: 
  No lockfile
